<?xml version="1.0" encoding="UTF-8"?>
<!-- Generated by org.testng.reporters.JUnitXMLReporter -->
<testsuite hostname="DESKTOP-P94U7PI" ignored="0" name="Test" tests="4" failures="0" timestamp="19 Jul 2022 06:01:43 GMT" time="0.063" errors="0">
  <testcase name="method4" time="0.012" classname="test.aress.com.Script4"/>
  <testcase name="method2" time="0.003" classname="test.aress.com.Script2"/>
  <testcase name="method1" time="0.004" classname="test.aress.com.Script1"/>
  <testcase name="method3" time="0.004" classname="test.aress.com.Script3"/>
</testsuite> <!-- Test -->
