<?xml version="1.0" encoding="UTF-8"?>
<!-- Generated by org.testng.reporters.JUnitXMLReporter -->
<testsuite ignored="0" hostname="Lenovo-019" failures="0" tests="3" name="Test" time="102.411" errors="0" timestamp="2022-08-04T17:22:55 IST">
  <testcase classname="test.aress.com.Script4" name="method4" time="0.012"/>
  <testcase classname="test.aress.com.Script1" name="method1" time="101.149"/>
  <testcase classname="test.aress.com.Script2" name="method2" time="102.367"/>
</testsuite> <!-- Test -->
