<?xml version="1.0" encoding="UTF-8"?>
<testng-results ignored="0" total="2" passed="2" failed="0" skipped="0">
  <reporter-output>
  </reporter-output>
  <suite started-at="2022-08-10T15:42:40 IST" name="Suite" finished-at="2022-08-10T15:42:40 IST" duration-ms="105">
    <groups>
    </groups>
    <test started-at="2022-08-10T15:42:40 IST" name="Test" finished-at="2022-08-10T15:42:40 IST" duration-ms="105">
      <class name="dockerSetup.setupDocker">
        <test-method signature="dockerUp()[pri:0, instance:dockerSetup.setupDocker@34f5090e]" started-at="2022-08-10T15:42:40 IST" name="dockerUp" finished-at="2022-08-10T15:42:40 IST" duration-ms="66" status="PASS">
          <reporter-output>
          </reporter-output>
        </test-method> <!-- dockerUp -->
        <test-method signature="scaleChrome()[pri:0, instance:dockerSetup.setupDocker@34f5090e]" started-at="2022-08-10T15:42:40 IST" name="scaleChrome" finished-at="2022-08-10T15:42:40 IST" depends-on-methods="dockerSetup.setupDocker.dockerUp" duration-ms="4" status="PASS">
          <reporter-output>
          </reporter-output>
        </test-method> <!-- scaleChrome -->
      </class> <!-- dockerSetup.setupDocker -->
    </test> <!-- Test -->
  </suite> <!-- Suite -->
</testng-results>
